<?xml version="1.0" encoding="UTF-8"?>
<!-- Generated by org.testng.reporters.JUnitReportReporter -->
<testsuite hostname="our-laptop" failures="0" tests="3" name="tests.WelcomeTest" time="157.971" errors="0" timestamp="2025-06-13T16:18:54 CEST" skipped="0">
  <testcase classname="tests.WelcomeTest" name="testCreateNewWalletButton" time="76.762"/>
  <testcase classname="tests.WelcomeTest" name="verifyCreateWalletButtonExists" time="47.811"/>
  <testcase classname="tests.WelcomeTest" name="verifyImportWalletButtonExists" time="33.398"/>
</testsuite> <!-- tests.WelcomeTest -->
